{"__type":"$$EventMessageAudit","id":"84c4b820-07af-4df2-bb61-7645615ee419","ts":"2025-09-20T18:05:02.826+00:00","eventName":"n8n.audit.workflow.created","message":"n8n.audit.workflow.created","payload":{"userId":"0f2a488c-83d9-4d9d-ac72-4b6a8ddc6b7d","_email":"matheusmpvphg@gmail.com","_firstName":"Matheus","_lastName":"Matias","globalRole":"global:owner","workflowId":"Zho8KaIcaST5mR5M","workflowName":"My workflow"}}
{"__type":"$$EventMessageConfirm","confirm":"84c4b820-07af-4df2-bb61-7645615ee419","ts":"2025-09-20T18:05:02.826+00:00","source":{"id":"0","name":"eventBus"}}
{"__type":"$$EventMessageWorkflow","id":"81859483-719b-4b5a-8d6d-48d782466fe9","ts":"2025-09-20T18:05:02.945+00:00","eventName":"n8n.workflow.started","message":"n8n.workflow.started","payload":{"executionId":"1","workflowId":"Zho8KaIcaST5mR5M","isManual":false,"workflowName":"My workflow"}}
{"__type":"$$EventMessageConfirm","confirm":"81859483-719b-4b5a-8d6d-48d782466fe9","ts":"2025-09-20T18:05:02.945+00:00","source":{"id":"0","name":"eventBus"}}
{"__type":"$$EventMessageNode","id":"309915d2-a6f6-403a-a8c8-f75bcbcf5011","ts":"2025-09-20T18:05:02.947+00:00","eventName":"n8n.node.started","message":"n8n.node.started","payload":{"workflowId":"Zho8KaIcaST5mR5M","workflowName":"My workflow","executionId":"1","nodeType":"n8n-nodes-base.manualTrigger","nodeName":"When clicking ‘Execute workflow’","nodeId":"ed758df7-8e10-4ef8-97cd-a1be9e623edb"}}
{"__type":"$$EventMessageConfirm","confirm":"309915d2-a6f6-403a-a8c8-f75bcbcf5011","ts":"2025-09-20T18:05:02.947+00:00","source":{"id":"0","name":"eventBus"}}
{"__type":"$$EventMessageNode","id":"f0c60318-bf94-405f-b0bf-d2974eb02023","ts":"2025-09-20T18:05:02.953+00:00","eventName":"n8n.node.finished","message":"n8n.node.finished","payload":{"workflowId":"Zho8KaIcaST5mR5M","workflowName":"My workflow","executionId":"1","nodeType":"n8n-nodes-base.manualTrigger","nodeName":"When clicking ‘Execute workflow’","nodeId":"ed758df7-8e10-4ef8-97cd-a1be9e623edb"}}
{"__type":"$$EventMessageConfirm","confirm":"f0c60318-bf94-405f-b0bf-d2974eb02023","ts":"2025-09-20T18:05:02.953+00:00","source":{"id":"0","name":"eventBus"}}
{"__type":"$$EventMessageNode","id":"eae78bd5-5a5b-43de-b5b5-b21d9dda104e","ts":"2025-09-20T18:05:02.954+00:00","eventName":"n8n.node.started","message":"n8n.node.started","payload":{"workflowId":"Zho8KaIcaST5mR5M","workflowName":"My workflow","executionId":"1","nodeType":"CUSTOM.random","nodeName":"Random","nodeId":"cf0c77b8-4c44-4ac8-a234-b28c3e2d751d"}}
{"__type":"$$EventMessageConfirm","confirm":"eae78bd5-5a5b-43de-b5b5-b21d9dda104e","ts":"2025-09-20T18:05:02.954+00:00","source":{"id":"0","name":"eventBus"}}
{"__type":"$$EventMessageNode","id":"0e1f78a0-2797-493d-ac4e-df12d6bee58a","ts":"2025-09-20T18:05:03.759+00:00","eventName":"n8n.node.finished","message":"n8n.node.finished","payload":{"workflowId":"Zho8KaIcaST5mR5M","workflowName":"My workflow","executionId":"1","nodeType":"CUSTOM.random","nodeName":"Random","nodeId":"cf0c77b8-4c44-4ac8-a234-b28c3e2d751d"}}
{"__type":"$$EventMessageConfirm","confirm":"0e1f78a0-2797-493d-ac4e-df12d6bee58a","ts":"2025-09-20T18:05:03.759+00:00","source":{"id":"0","name":"eventBus"}}
{"__type":"$$EventMessageWorkflow","id":"42cd474b-8cf4-42b1-9a43-ef5e1d6ba7ad","ts":"2025-09-20T18:05:03.762+00:00","eventName":"n8n.workflow.success","message":"n8n.workflow.success","payload":{"userId":"0f2a488c-83d9-4d9d-ac72-4b6a8ddc6b7d","executionId":"1","success":true,"isManual":true,"workflowId":"Zho8KaIcaST5mR5M","workflowName":"My workflow"}}
{"__type":"$$EventMessageConfirm","confirm":"42cd474b-8cf4-42b1-9a43-ef5e1d6ba7ad","ts":"2025-09-20T18:05:03.762+00:00","source":{"id":"0","name":"eventBus"}}
{"__type":"$$EventMessageWorkflow","id":"1f8d4386-5e67-493e-a181-2dcbf470e71f","ts":"2025-09-20T18:05:08.353+00:00","eventName":"n8n.workflow.started","message":"n8n.workflow.started","payload":{"executionId":"2","workflowId":"Zho8KaIcaST5mR5M","isManual":false,"workflowName":"My workflow"}}
{"__type":"$$EventMessageConfirm","confirm":"1f8d4386-5e67-493e-a181-2dcbf470e71f","ts":"2025-09-20T18:05:08.353+00:00","source":{"id":"0","name":"eventBus"}}
{"__type":"$$EventMessageNode","id":"ef5267d3-dd5c-4d83-ad0c-5b269c971604","ts":"2025-09-20T18:05:08.354+00:00","eventName":"n8n.node.started","message":"n8n.node.started","payload":{"workflowId":"Zho8KaIcaST5mR5M","workflowName":"My workflow","executionId":"2","nodeType":"CUSTOM.random","nodeName":"Random","nodeId":"cf0c77b8-4c44-4ac8-a234-b28c3e2d751d"}}
{"__type":"$$EventMessageConfirm","confirm":"ef5267d3-dd5c-4d83-ad0c-5b269c971604","ts":"2025-09-20T18:05:08.354+00:00","source":{"id":"0","name":"eventBus"}}
{"__type":"$$EventMessageNode","id":"52f32936-e731-4ea6-af64-21a915bf62d7","ts":"2025-09-20T18:05:09.114+00:00","eventName":"n8n.node.finished","message":"n8n.node.finished","payload":{"workflowId":"Zho8KaIcaST5mR5M","workflowName":"My workflow","executionId":"2","nodeType":"CUSTOM.random","nodeName":"Random","nodeId":"cf0c77b8-4c44-4ac8-a234-b28c3e2d751d"}}
{"__type":"$$EventMessageConfirm","confirm":"52f32936-e731-4ea6-af64-21a915bf62d7","ts":"2025-09-20T18:05:09.114+00:00","source":{"id":"0","name":"eventBus"}}
{"__type":"$$EventMessageWorkflow","id":"acac3960-482a-401b-87b4-ff6c0a53423a","ts":"2025-09-20T18:05:09.116+00:00","eventName":"n8n.workflow.success","message":"n8n.workflow.success","payload":{"userId":"0f2a488c-83d9-4d9d-ac72-4b6a8ddc6b7d","executionId":"2","success":true,"isManual":true,"workflowId":"Zho8KaIcaST5mR5M","workflowName":"My workflow"}}
{"__type":"$$EventMessageConfirm","confirm":"acac3960-482a-401b-87b4-ff6c0a53423a","ts":"2025-09-20T18:05:09.116+00:00","source":{"id":"0","name":"eventBus"}}
{"__type":"$$EventMessageWorkflow","id":"e8156900-80c2-408c-8023-abd2e31d740e","ts":"2025-09-20T18:05:10.128+00:00","eventName":"n8n.workflow.started","message":"n8n.workflow.started","payload":{"executionId":"3","workflowId":"Zho8KaIcaST5mR5M","isManual":false,"workflowName":"My workflow"}}
{"__type":"$$EventMessageConfirm","confirm":"e8156900-80c2-408c-8023-abd2e31d740e","ts":"2025-09-20T18:05:10.128+00:00","source":{"id":"0","name":"eventBus"}}
{"__type":"$$EventMessageNode","id":"83cf644c-2af2-41e3-b210-eb9cb422c8d3","ts":"2025-09-20T18:05:10.128+00:00","eventName":"n8n.node.started","message":"n8n.node.started","payload":{"workflowId":"Zho8KaIcaST5mR5M","workflowName":"My workflow","executionId":"3","nodeType":"CUSTOM.random","nodeName":"Random","nodeId":"cf0c77b8-4c44-4ac8-a234-b28c3e2d751d"}}
{"__type":"$$EventMessageConfirm","confirm":"83cf644c-2af2-41e3-b210-eb9cb422c8d3","ts":"2025-09-20T18:05:10.128+00:00","source":{"id":"0","name":"eventBus"}}
{"__type":"$$EventMessageNode","id":"9a2bfde6-4c72-4eef-95d6-f4f186405c49","ts":"2025-09-20T18:05:11.056+00:00","eventName":"n8n.node.finished","message":"n8n.node.finished","payload":{"workflowId":"Zho8KaIcaST5mR5M","workflowName":"My workflow","executionId":"3","nodeType":"CUSTOM.random","nodeName":"Random","nodeId":"cf0c77b8-4c44-4ac8-a234-b28c3e2d751d"}}
{"__type":"$$EventMessageConfirm","confirm":"9a2bfde6-4c72-4eef-95d6-f4f186405c49","ts":"2025-09-20T18:05:11.056+00:00","source":{"id":"0","name":"eventBus"}}
{"__type":"$$EventMessageWorkflow","id":"f88caf49-f383-42bc-868a-c122783c0142","ts":"2025-09-20T18:05:11.057+00:00","eventName":"n8n.workflow.success","message":"n8n.workflow.success","payload":{"userId":"0f2a488c-83d9-4d9d-ac72-4b6a8ddc6b7d","executionId":"3","success":true,"isManual":true,"workflowId":"Zho8KaIcaST5mR5M","workflowName":"My workflow"}}
{"__type":"$$EventMessageConfirm","confirm":"f88caf49-f383-42bc-868a-c122783c0142","ts":"2025-09-20T18:05:11.057+00:00","source":{"id":"0","name":"eventBus"}}
{"__type":"$$EventMessageWorkflow","id":"8ed17b00-06e8-424b-b397-08214d3e7822","ts":"2025-09-20T18:06:26.632+00:00","eventName":"n8n.workflow.started","message":"n8n.workflow.started","payload":{"executionId":"4","workflowId":"Zho8KaIcaST5mR5M","isManual":false,"workflowName":"My workflow"}}
{"__type":"$$EventMessageConfirm","confirm":"8ed17b00-06e8-424b-b397-08214d3e7822","ts":"2025-09-20T18:06:26.632+00:00","source":{"id":"0","name":"eventBus"}}
{"__type":"$$EventMessageNode","id":"dfc79a6d-854d-4f2a-86fa-19866ce7aa32","ts":"2025-09-20T18:06:26.633+00:00","eventName":"n8n.node.started","message":"n8n.node.started","payload":{"workflowId":"Zho8KaIcaST5mR5M","workflowName":"My workflow","executionId":"4","nodeType":"CUSTOM.random","nodeName":"Random","nodeId":"cf0c77b8-4c44-4ac8-a234-b28c3e2d751d"}}
{"__type":"$$EventMessageConfirm","confirm":"dfc79a6d-854d-4f2a-86fa-19866ce7aa32","ts":"2025-09-20T18:06:26.633+00:00","source":{"id":"0","name":"eventBus"}}
{"__type":"$$EventMessageNode","id":"efbe90cf-efcd-4d38-bbf4-d0b75b9ba1e3","ts":"2025-09-20T18:06:27.383+00:00","eventName":"n8n.node.finished","message":"n8n.node.finished","payload":{"workflowId":"Zho8KaIcaST5mR5M","workflowName":"My workflow","executionId":"4","nodeType":"CUSTOM.random","nodeName":"Random","nodeId":"cf0c77b8-4c44-4ac8-a234-b28c3e2d751d"}}
{"__type":"$$EventMessageConfirm","confirm":"efbe90cf-efcd-4d38-bbf4-d0b75b9ba1e3","ts":"2025-09-20T18:06:27.383+00:00","source":{"id":"0","name":"eventBus"}}
{"__type":"$$EventMessageWorkflow","id":"3a58e040-f4bf-4764-aae3-b5d4e8e607cb","ts":"2025-09-20T18:06:27.385+00:00","eventName":"n8n.workflow.success","message":"n8n.workflow.success","payload":{"userId":"0f2a488c-83d9-4d9d-ac72-4b6a8ddc6b7d","executionId":"4","success":true,"isManual":true,"workflowId":"Zho8KaIcaST5mR5M","workflowName":"My workflow"}}
{"__type":"$$EventMessageConfirm","confirm":"3a58e040-f4bf-4764-aae3-b5d4e8e607cb","ts":"2025-09-20T18:06:27.385+00:00","source":{"id":"0","name":"eventBus"}}
{"__type":"$$EventMessageWorkflow","id":"e2502a6e-d310-4ea6-94b5-fcca3e91d49e","ts":"2025-09-20T18:41:09.235+00:00","eventName":"n8n.workflow.started","message":"n8n.workflow.started","payload":{"executionId":"5","workflowId":"Zho8KaIcaST5mR5M","isManual":false,"workflowName":"My workflow"}}
{"__type":"$$EventMessageConfirm","confirm":"e2502a6e-d310-4ea6-94b5-fcca3e91d49e","ts":"2025-09-20T18:41:09.235+00:00","source":{"id":"0","name":"eventBus"}}
{"__type":"$$EventMessageNode","id":"747a80d3-a6c3-4231-8d8b-c5638bd9640e","ts":"2025-09-20T18:41:09.236+00:00","eventName":"n8n.node.started","message":"n8n.node.started","payload":{"workflowId":"Zho8KaIcaST5mR5M","workflowName":"My workflow","executionId":"5","nodeType":"CUSTOM.random","nodeName":"Random","nodeId":"cf0c77b8-4c44-4ac8-a234-b28c3e2d751d"}}
{"__type":"$$EventMessageConfirm","confirm":"747a80d3-a6c3-4231-8d8b-c5638bd9640e","ts":"2025-09-20T18:41:09.236+00:00","source":{"id":"0","name":"eventBus"}}
{"__type":"$$EventMessageNode","id":"4ab6c6ad-590c-4f95-9f2f-d7c9a5a23daa","ts":"2025-09-20T18:41:09.670+00:00","eventName":"n8n.node.finished","message":"n8n.node.finished","payload":{"workflowId":"Zho8KaIcaST5mR5M","workflowName":"My workflow","executionId":"5","nodeType":"CUSTOM.random","nodeName":"Random","nodeId":"cf0c77b8-4c44-4ac8-a234-b28c3e2d751d"}}
{"__type":"$$EventMessageConfirm","confirm":"4ab6c6ad-590c-4f95-9f2f-d7c9a5a23daa","ts":"2025-09-20T18:41:09.670+00:00","source":{"id":"0","name":"eventBus"}}
{"__type":"$$EventMessageWorkflow","id":"ffabba17-87cd-4032-bd96-20a406349862","ts":"2025-09-20T18:41:09.671+00:00","eventName":"n8n.workflow.success","message":"n8n.workflow.success","payload":{"userId":"0f2a488c-83d9-4d9d-ac72-4b6a8ddc6b7d","executionId":"5","success":true,"isManual":true,"workflowId":"Zho8KaIcaST5mR5M","workflowName":"My workflow"}}
{"__type":"$$EventMessageConfirm","confirm":"ffabba17-87cd-4032-bd96-20a406349862","ts":"2025-09-20T18:41:09.671+00:00","source":{"id":"0","name":"eventBus"}}
{"__type":"$$EventMessageWorkflow","id":"2b563690-6be5-492c-a7e9-5e94b330bce9","ts":"2025-09-20T18:41:12.759+00:00","eventName":"n8n.workflow.started","message":"n8n.workflow.started","payload":{"executionId":"6","workflowId":"Zho8KaIcaST5mR5M","isManual":false,"workflowName":"My workflow"}}
{"__type":"$$EventMessageConfirm","confirm":"2b563690-6be5-492c-a7e9-5e94b330bce9","ts":"2025-09-20T18:41:12.759+00:00","source":{"id":"0","name":"eventBus"}}
{"__type":"$$EventMessageNode","id":"0562a4e1-5f72-4d4f-9e9e-de29e92e16f4","ts":"2025-09-20T18:41:12.760+00:00","eventName":"n8n.node.started","message":"n8n.node.started","payload":{"workflowId":"Zho8KaIcaST5mR5M","workflowName":"My workflow","executionId":"6","nodeType":"CUSTOM.random","nodeName":"Random","nodeId":"cf0c77b8-4c44-4ac8-a234-b28c3e2d751d"}}
{"__type":"$$EventMessageConfirm","confirm":"0562a4e1-5f72-4d4f-9e9e-de29e92e16f4","ts":"2025-09-20T18:41:12.760+00:00","source":{"id":"0","name":"eventBus"}}
{"__type":"$$EventMessageNode","id":"16e595bc-232e-4f23-95dd-70d126eb4a9e","ts":"2025-09-20T18:41:13.975+00:00","eventName":"n8n.node.finished","message":"n8n.node.finished","payload":{"workflowId":"Zho8KaIcaST5mR5M","workflowName":"My workflow","executionId":"6","nodeType":"CUSTOM.random","nodeName":"Random","nodeId":"cf0c77b8-4c44-4ac8-a234-b28c3e2d751d"}}
{"__type":"$$EventMessageConfirm","confirm":"16e595bc-232e-4f23-95dd-70d126eb4a9e","ts":"2025-09-20T18:41:13.975+00:00","source":{"id":"0","name":"eventBus"}}
{"__type":"$$EventMessageWorkflow","id":"6d72e663-60ba-45c5-acc1-0577510fc24a","ts":"2025-09-20T18:41:13.975+00:00","eventName":"n8n.workflow.success","message":"n8n.workflow.success","payload":{"userId":"0f2a488c-83d9-4d9d-ac72-4b6a8ddc6b7d","executionId":"6","success":true,"isManual":true,"workflowId":"Zho8KaIcaST5mR5M","workflowName":"My workflow"}}
{"__type":"$$EventMessageConfirm","confirm":"6d72e663-60ba-45c5-acc1-0577510fc24a","ts":"2025-09-20T18:41:13.975+00:00","source":{"id":"0","name":"eventBus"}}
{"__type":"$$EventMessageWorkflow","id":"7746c8d4-3625-419a-9c76-497432a47fbd","ts":"2025-09-20T18:41:18.533+00:00","eventName":"n8n.workflow.started","message":"n8n.workflow.started","payload":{"executionId":"7","workflowId":"Zho8KaIcaST5mR5M","isManual":false,"workflowName":"My workflow"}}
{"__type":"$$EventMessageConfirm","confirm":"7746c8d4-3625-419a-9c76-497432a47fbd","ts":"2025-09-20T18:41:18.533+00:00","source":{"id":"0","name":"eventBus"}}
{"__type":"$$EventMessageNode","id":"f596ea95-1d24-40b3-890e-74caa9dff015","ts":"2025-09-20T18:41:18.533+00:00","eventName":"n8n.node.started","message":"n8n.node.started","payload":{"workflowId":"Zho8KaIcaST5mR5M","workflowName":"My workflow","executionId":"7","nodeType":"CUSTOM.random","nodeName":"Random","nodeId":"cf0c77b8-4c44-4ac8-a234-b28c3e2d751d"}}
{"__type":"$$EventMessageConfirm","confirm":"f596ea95-1d24-40b3-890e-74caa9dff015","ts":"2025-09-20T18:41:18.533+00:00","source":{"id":"0","name":"eventBus"}}
{"__type":"$$EventMessageNode","id":"1d01f124-19b6-40bb-b7b5-e8750cf70172","ts":"2025-09-20T18:41:19.446+00:00","eventName":"n8n.node.finished","message":"n8n.node.finished","payload":{"workflowId":"Zho8KaIcaST5mR5M","workflowName":"My workflow","executionId":"7","nodeType":"CUSTOM.random","nodeName":"Random","nodeId":"cf0c77b8-4c44-4ac8-a234-b28c3e2d751d"}}
{"__type":"$$EventMessageConfirm","confirm":"1d01f124-19b6-40bb-b7b5-e8750cf70172","ts":"2025-09-20T18:41:19.446+00:00","source":{"id":"0","name":"eventBus"}}
{"__type":"$$EventMessageWorkflow","id":"887d2743-cc5f-41b4-bd84-80465cb07b90","ts":"2025-09-20T18:41:19.447+00:00","eventName":"n8n.workflow.success","message":"n8n.workflow.success","payload":{"userId":"0f2a488c-83d9-4d9d-ac72-4b6a8ddc6b7d","executionId":"7","success":true,"isManual":true,"workflowId":"Zho8KaIcaST5mR5M","workflowName":"My workflow"}}
{"__type":"$$EventMessageConfirm","confirm":"887d2743-cc5f-41b4-bd84-80465cb07b90","ts":"2025-09-20T18:41:19.447+00:00","source":{"id":"0","name":"eventBus"}}
{"__type":"$$EventMessageWorkflow","id":"00ec7f6b-eb6b-4c0e-a3ab-08930508b67c","ts":"2025-09-20T18:41:38.282+00:00","eventName":"n8n.workflow.started","message":"n8n.workflow.started","payload":{"executionId":"8","workflowId":"Zho8KaIcaST5mR5M","isManual":false,"workflowName":"My workflow"}}
{"__type":"$$EventMessageConfirm","confirm":"00ec7f6b-eb6b-4c0e-a3ab-08930508b67c","ts":"2025-09-20T18:41:38.282+00:00","source":{"id":"0","name":"eventBus"}}
{"__type":"$$EventMessageNode","id":"2f7a4fc9-1f83-4f9b-a1b3-b9ad628ccec5","ts":"2025-09-20T18:41:38.283+00:00","eventName":"n8n.node.started","message":"n8n.node.started","payload":{"workflowId":"Zho8KaIcaST5mR5M","workflowName":"My workflow","executionId":"8","nodeType":"CUSTOM.random","nodeName":"Random","nodeId":"cf0c77b8-4c44-4ac8-a234-b28c3e2d751d"}}
{"__type":"$$EventMessageConfirm","confirm":"2f7a4fc9-1f83-4f9b-a1b3-b9ad628ccec5","ts":"2025-09-20T18:41:38.283+00:00","source":{"id":"0","name":"eventBus"}}
{"__type":"$$EventMessageNode","id":"bed4b585-980d-4852-8d2a-fca726f63c26","ts":"2025-09-20T18:41:38.703+00:00","eventName":"n8n.node.finished","message":"n8n.node.finished","payload":{"workflowId":"Zho8KaIcaST5mR5M","workflowName":"My workflow","executionId":"8","nodeType":"CUSTOM.random","nodeName":"Random","nodeId":"cf0c77b8-4c44-4ac8-a234-b28c3e2d751d"}}
{"__type":"$$EventMessageConfirm","confirm":"bed4b585-980d-4852-8d2a-fca726f63c26","ts":"2025-09-20T18:41:38.703+00:00","source":{"id":"0","name":"eventBus"}}
{"__type":"$$EventMessageWorkflow","id":"66a3aba6-2b94-4906-8694-8475ae054098","ts":"2025-09-20T18:41:38.703+00:00","eventName":"n8n.workflow.success","message":"n8n.workflow.success","payload":{"userId":"0f2a488c-83d9-4d9d-ac72-4b6a8ddc6b7d","executionId":"8","success":true,"isManual":true,"workflowId":"Zho8KaIcaST5mR5M","workflowName":"My workflow"}}
{"__type":"$$EventMessageConfirm","confirm":"66a3aba6-2b94-4906-8694-8475ae054098","ts":"2025-09-20T18:41:38.703+00:00","source":{"id":"0","name":"eventBus"}}
